<?xml version="1.0" encoding="UTF-8"?>
<!-- Generated by org.testng.reporters.JUnitReportReporter -->
<testsuite hostname="SIPL35" failures="0" tests="1" name="base.ServiceDetail" time="202.026" errors="0" timestamp="2022-08-18T18:54:07 IST" skipped="0">
  <testcase classname="base.ServiceDetail" name="SvcDetail" time="202.026"/>
  <system-out/>
</testsuite> <!-- base.ServiceDetail -->
